Change Component Footprint: Designator=R2 Old Footprint=0402_CC New Footprint=0805
Change Component Footprint: Designator=R4 Old Footprint=0402_CC New Footprint=0805
Change Component Footprint: Designator=R6 Old Footprint=0402_CC New Footprint=0805
Change Component Footprint: Designator=R7 Old Footprint=0402_CC New Footprint=0805
Change Component Footprint: Designator=R8 Old Footprint=0402_CC New Footprint=0805
Change Component Footprint: Designator=R11 Old Footprint=0402_CC New Footprint=0805
Change Component Footprint: Designator=R12 Old Footprint=0402_CC New Footprint=0805
Change Component Footprint: Designator=R13 Old Footprint=0402_CC New Footprint=0805
Change Component Footprint: Designator=R14 Old Footprint=0402_CC New Footprint=0805
Change Component Footprint: Designator=R15 Old Footprint=0402_CC New Footprint=0805
Change Component Footprint: Designator=R16 Old Footprint=0402_CC New Footprint=0805
Change Component Footprint: Designator=R17 Old Footprint=0402_CC New Footprint=0805
Change Component Footprint: Designator=R18 Old Footprint=0402_CC New Footprint=0805
Change Component Footprint: Designator=R29 Old Footprint=0402_CC New Footprint=0805
Change Component Footprint: Designator=R32 Old Footprint=0402_CC New Footprint=0805
Change Component Footprint: Designator=R33 Old Footprint=0402_CC New Footprint=0805
Change Component Footprint: Designator=R35 Old Footprint=0402_CC New Footprint=0805
Change Component Footprint: Designator=R36 Old Footprint=0402_CC New Footprint=0805
Change Component Footprint: Designator=R42 Old Footprint=0402_CC New Footprint=0805
Change Component Footprint: Designator=R43 Old Footprint=0402_CC New Footprint=0805
Change Component Footprint: Designator=R44 Old Footprint=0402_CC New Footprint=0805
Change Component Footprint: Designator=R45 Old Footprint=0402_CC New Footprint=0805
Change Component Footprint: Designator=R46 Old Footprint=0402_CC New Footprint=0805
Change Component Footprint: Designator=R107 Old Footprint=0402_CC New Footprint=0805
Change Component Footprint: Designator=R108 Old Footprint=0402_CC New Footprint=0805
Change Component Footprint: Designator=R109 Old Footprint=0402_CC New Footprint=0805
Change Component Footprint: Designator=R110 Old Footprint=0402_CC New Footprint=0805
Change Component Footprint: Designator=R111 Old Footprint=0402_CC New Footprint=0805
Change Component Footprint: Designator=R112 Old Footprint=0402_CC New Footprint=0805
Change Component Footprint: Designator=R113 Old Footprint=0402_CC New Footprint=0805
Change Component Footprint: Designator=R114 Old Footprint=0402_CC New Footprint=0805
Change Component Footprint: Designator=R115 Old Footprint=0402_CC New Footprint=0805
Change Component Footprint: Designator=R116 Old Footprint=0402_CC New Footprint=0805
Change Component Footprint: Designator=R117 Old Footprint=0402_CC New Footprint=0805
Change Component Footprint: Designator=R118 Old Footprint=0402_CC New Footprint=0805
Change Component Footprint: Designator=R119 Old Footprint=0402_CC New Footprint=0805
Change Component Footprint: Designator=R120 Old Footprint=0402_CC New Footprint=0805
Change Component Footprint: Designator=R121 Old Footprint=0402_CC New Footprint=0805
Change Component Footprint: Designator=R122 Old Footprint=0402_CC New Footprint=0805
Change Component Footprint: Designator=R123 Old Footprint=0402_CC New Footprint=0805
Change Component Footprint: Designator=R124 Old Footprint=0402_CC New Footprint=0805
Change Component Footprint: Designator=R125 Old Footprint=0402_CC New Footprint=0805
Change Component Footprint: Designator=R143 Old Footprint=0402_CC New Footprint=0805
Change Component Footprint: Designator=R144 Old Footprint=0402_CC New Footprint=0805
Change Component Footprint: Designator=R145 Old Footprint=0402_CC New Footprint=0805
Change Component Footprint: Designator=C3 Old Footprint=0402_CC New Footprint=0805C
Change Component Footprint: Designator=C5 Old Footprint=0402_CC New Footprint=0805C
Change Component Footprint: Designator=C7 Old Footprint=0402_CC New Footprint=0805C
Change Component Footprint: Designator=C8 Old Footprint=0402_CC New Footprint=0805C
Change Component Footprint: Designator=C10 Old Footprint=0402_CC New Footprint=0805C
Change Component Footprint: Designator=C11 Old Footprint=0402_CC New Footprint=0805C
Change Component Footprint: Designator=C14 Old Footprint=0402_CC New Footprint=0805C
Change Component Footprint: Designator=C17 Old Footprint=0402_CC New Footprint=0805C
Change Component Footprint: Designator=C20 Old Footprint=0402_CC New Footprint=0805C
Change Component Footprint: Designator=C21 Old Footprint=0402_CC New Footprint=0805C
Change Component Footprint: Designator=C23 Old Footprint=0402_CC New Footprint=0805C
Change Component Footprint: Designator=C24 Old Footprint=0402_CC New Footprint=0805C
Change Component Footprint: Designator=C40 Old Footprint=0402_CC New Footprint=0805C
Change Component Footprint: Designator=C41 Old Footprint=0402_CC New Footprint=0805C
Change Component Footprint: Designator=C42 Old Footprint=0402_CC New Footprint=0805C
Change Component Footprint: Designator=C44 Old Footprint=0402_CC New Footprint=0805C
Change Component Footprint: Designator=C45 Old Footprint=0402_CC New Footprint=0805C
Change Component Footprint: Designator=C46 Old Footprint=0402_CC New Footprint=0805C
Change Component Footprint: Designator=C48 Old Footprint=0402_CC New Footprint=0805C
Change Component Footprint: Designator=C49 Old Footprint=0402_CC New Footprint=0805C
Change Component Footprint: Designator=C50 Old Footprint=0402_CC New Footprint=0805C
Change Component Footprint: Designator=C52 Old Footprint=0402_CC New Footprint=0805C
Change Component Footprint: Designator=C53 Old Footprint=0402_CC New Footprint=0805C
Change Component Footprint: Designator=C56 Old Footprint=0402_CC New Footprint=0805C
Change Component Footprint: Designator=C60 Old Footprint=0402_CC New Footprint=0805C
Change Component Footprint: Designator=C65 Old Footprint=0402_CC New Footprint=0805C
Change Component Footprint: Designator=C66 Old Footprint=0402_CC New Footprint=0805C
Change Component Footprint: Designator=C134 Old Footprint=0402_CC New Footprint=0805C
Change Component Footprint: Designator=C135 Old Footprint=0402_CC New Footprint=0805C
Change Component Footprint: Designator=C136 Old Footprint=0402_CC New Footprint=0805C
Change Component Footprint: Designator=C143 Old Footprint=0402_CC New Footprint=0805C
Change Component Footprint: Designator=C144 Old Footprint=0402_CC New Footprint=0805C
Change Component Footprint: Designator=C145 Old Footprint=0402_CC New Footprint=0805C
Change Component Footprint: Designator=C146 Old Footprint=0402_CC New Footprint=0805C
Change Component Footprint: Designator=C150 Old Footprint=0402_CC New Footprint=0805C
Change Component Footprint: Designator=C154 Old Footprint=0402_CC New Footprint=0805C
Change Component Footprint: Designator=C155 Old Footprint=0402_CC New Footprint=0805C
Change Component Footprint: Designator=C157 Old Footprint=0402_CC New Footprint=0805C
Change Component Footprint: Designator=C158 Old Footprint=0402_CC New Footprint=0805C
Change Component Footprint: Designator=C160 Old Footprint=0402_CC New Footprint=0805C
Change Component Footprint: Designator=C198 Old Footprint=0402_CC New Footprint=0805C
Change Component Footprint: Designator=C199 Old Footprint=0402_CC New Footprint=0805C
Change Component Footprint: Designator=ED2 Old Footprint=0402_CC New Footprint=0805C
Change Component Footprint: Designator=ED3 Old Footprint=0402_CC New Footprint=0805C
Change Component Footprint: Designator=ED4 Old Footprint=0402_CC New Footprint=0805C
Change Component Footprint: Designator=ED5 Old Footprint=0402_CC New Footprint=0805C
Change Component Footprint: Designator=ED6 Old Footprint=0402_CC New Footprint=0805C
Change Component Footprint: Designator=ED7 Old Footprint=0402_CC New Footprint=0805C
Change Component Footprint: Designator=ED8 Old Footprint=0402_CC New Footprint=0805C
Change Component Footprint: Designator=ED9 Old Footprint=0402_CC New Footprint=0805C
Change Component Footprint: Designator=ED10 Old Footprint=0402_CC New Footprint=0805C
Change Component Footprint: Designator=ED11 Old Footprint=0402_CC New Footprint=0805C
Change Component Footprint: Designator=R40 Old Footprint=0603_CC New Footprint=0805
Change Component Footprint: Designator=R41 Old Footprint=0603_CC New Footprint=0805
Change Component Footprint: Designator=C6 Old Footprint=0603_CC New Footprint=0805C
Change Component Footprint: Designator=C12 Old Footprint=0603_CC New Footprint=0805C
Change Component Footprint: Designator=C13 Old Footprint=0603_CC New Footprint=0805C
Change Component Footprint: Designator=C16 Old Footprint=0603_CC New Footprint=0805C
Change Component Footprint: Designator=C18 Old Footprint=0603_CC New Footprint=0805C
Change Component Footprint: Designator=C19 Old Footprint=0603_CC New Footprint=0805C
Change Component Footprint: Designator=C22 Old Footprint=0603_CC New Footprint=0805C
Change Component Footprint: Designator=C25 Old Footprint=0603_CC New Footprint=0805C
Change Component Footprint: Designator=C26 Old Footprint=0603_CC New Footprint=0805C
Change Component Footprint: Designator=C30 Old Footprint=0603_CC New Footprint=0805C
Change Component Footprint: Designator=C31 Old Footprint=0603_CC New Footprint=0805C
Change Component Footprint: Designator=C159 Old Footprint=0603_CC New Footprint=0805C
Change Component Footprint: Designator=C200 Old Footprint=0603_CC New Footprint=0805C
Change Component Footprint: Designator=C205 Old Footprint=0603_CC New Footprint=0805C
Change Component Footprint: Designator=C206 Old Footprint=0603_CC New Footprint=0805C
Change Component Footprint: Designator=C207 Old Footprint=0603_CC New Footprint=0805C
Change Component Footprint: Designator=C214 Old Footprint=0603_CC New Footprint=0805C
Change Component Footprint: Designator=C231 Old Footprint=0603_CC New Footprint=0805C
Change Component Footprint: Designator=R1 Old Footprint=0805C New Footprint=0805
Change Component Footprint: Designator=C210 Old Footprint=C0805 New Footprint=0805C
