Removed Pin From Net: NetName=GND Pin=C29-2
Removed Pin From Net: NetName=GND Pin=C32-2
Removed Pin From Net: NetName=VCC3V3_SYS Pin=C33-1
Removed Pin From Net: NetName=GND Pin=C33-2
Removed Pin From Net: NetName=GND Pin=C34-2
Removed Pin From Net: NetName=VBAT_WL Pin=C35-1
Removed Pin From Net: NetName=GND Pin=C35-2
Removed Pin From Net: NetName=GND Pin=C36-2
Removed Pin From Net: NetName=AUX_IN_1P Pin=C37-1
Removed Pin From Net: NetName=AUX_IN_3P Pin=C38-1
Removed Pin From Net: NetName=LOUTR_N Pin=C39-1
Removed Pin From Net: NetName=LOUTL_P Pin=C43-1
Removed Pin From Net: NetName=GND Pin=C47-1
Removed Pin From Net: NetName=MIC1N Pin=C51-1
Removed Pin From Net: NetName=MIC1P Pin=C51-2
Removed Pin From Net: NetName=GND Pin=C54-1
Removed Pin From Net: NetName=MIC1P Pin=C54-2
Removed Pin From Net: NetName=GND Pin=C55-1
Removed Pin From Net: NetName=MIC1N Pin=C55-2
Removed Pin From Net: NetName=GND Pin=C57-1
Removed Pin From Net: NetName=HUB_5V Pin=C57-2
Removed Pin From Net: NetName=GND Pin=C58-1
Removed Pin From Net: NetName=HUB_5V Pin=C58-2
Removed Pin From Net: NetName=GND Pin=C59-2
Removed Pin From Net: NetName=#HPO_L Pin=C61-2
Removed Pin From Net: NetName=GND Pin=C62-2
Removed Pin From Net: NetName=GND Pin=C67-1
Removed Pin From Net: NetName=HUB_5V Pin=C67-2
Removed Pin From Net: NetName=GND Pin=C68-1
Removed Pin From Net: NetName=HUB_5V Pin=C68-2
Removed Pin From Net: NetName=GND Pin=C69-2
Removed Pin From Net: NetName=#HPO_R Pin=C71-2
Removed Pin From Net: NetName=GND Pin=C72-2
Removed Pin From Net: NetName=EDP_TX1N Pin=C124-1
Removed Pin From Net: NetName=EDP_TX1P Pin=C125-1
Removed Pin From Net: NetName=EDP_TX2P Pin=C128-1
Removed Pin From Net: NetName=EDP_TX2N Pin=C129-1
Removed Pin From Net: NetName=EDP_TX3P Pin=C130-1
Removed Pin From Net: NetName=EDP_TX3N Pin=C131-1
Removed Pin From Net: NetName=EDPAUXN Pin=C132-1
Removed Pin From Net: NetName=EDPAUXP Pin=C133-1
Removed Pin From Net: NetName=TYPEC0_U2VBUSDET Pin=C137-1
Removed Pin From Net: NetName=GND Pin=C137-2
Removed Pin From Net: NetName=GND Pin=C138-2
Removed Pin From Net: NetName=GND Pin=C139-2
Removed Pin From Net: NetName=TYPEC0_TX1N Pin=C140-2
Removed Pin From Net: NetName=TYPEC0_TX1P Pin=C141-2
Removed Pin From Net: NetName=GND Pin=C142-2
Removed Pin From Net: NetName=EDP_TX0N Pin=C233-1
Removed Pin From Net: NetName=EDP_TX0P Pin=C234-1
Removed Pin From Net: NetName=TYPEC0_DM Pin=CON2-2
Removed Pin From Net: NetName=TYPEC0_DP Pin=CON2-3
Removed Pin From Net: NetName=GND Pin=CON2-4
Removed Pin From Net: NetName=TYPEC0_RX1N Pin=CON2-5
Removed Pin From Net: NetName=TYPEC0_RX1P Pin=CON2-6
Removed Pin From Net: NetName=GND Pin=CON2-7
Removed Pin From Net: NetName=HUB_5V Pin=D5-1
Removed Pin From Net: NetName=GND Pin=D6-1
Removed Pin From Net: NetName=PORT_HPD Pin=D6-2
Removed Pin From Net: NetName=GND Pin=D9-1
Removed Pin From Net: NetName=TYPEC0_U2VBUSDET Pin=D9-2
Removed Pin From Net: NetName=CEC_5V Pin=ED12-1
Removed Pin From Net: NetName=GND Pin=ED12-2
Removed Pin From Net: NetName=GND Pin=ED13-2
Removed Pin From Net: NetName=GND Pin=ED14-2
Removed Pin From Net: NetName=GND Pin=ED15-2
Removed Pin From Net: NetName=GND Pin=ED16-2
Removed Pin From Net: NetName=GND Pin=ED17-2
Removed Pin From Net: NetName=TYPEC0_DM Pin=ED18-1
Removed Pin From Net: NetName=GND Pin=ED18-2
Removed Pin From Net: NetName=TYPEC0_DP Pin=ED19-1
Removed Pin From Net: NetName=GND Pin=ED19-2
Removed Pin From Net: NetName=TYPEC0_RX1N Pin=ED20-1
Removed Pin From Net: NetName=GND Pin=ED20-2
Removed Pin From Net: NetName=TYPEC0_RX1P Pin=ED21-1
Removed Pin From Net: NetName=GND Pin=ED21-2
Removed Pin From Net: NetName=GND Pin=ED22-2
Removed Pin From Net: NetName=GND Pin=ED23-2
Removed Pin From Net: NetName=HDMI_TX2P Pin=J13-1
Removed Pin From Net: NetName=GND Pin=J13-2
Removed Pin From Net: NetName=HDMI_TX2N Pin=J13-3
Removed Pin From Net: NetName=HDMI_TX1P Pin=J13-4
Removed Pin From Net: NetName=GND Pin=J13-5
Removed Pin From Net: NetName=HDMI_TX1N Pin=J13-6
Removed Pin From Net: NetName=HDMI_TX0P Pin=J13-7
Removed Pin From Net: NetName=GND Pin=J13-8
Removed Pin From Net: NetName=HDMI_TX0N Pin=J13-9
Removed Pin From Net: NetName=HDMI_TXCP Pin=J13-10
Removed Pin From Net: NetName=GND Pin=J13-11
Removed Pin From Net: NetName=HDMI_TXCN Pin=J13-12
Removed Pin From Net: NetName=CEC_5V Pin=J13-13
Removed Pin From Net: NetName=GND Pin=J13-17
Removed Pin From Net: NetName=SDMMC0_D2 Pin=J17-1
Removed Pin From Net: NetName=SDMMC0_D3 Pin=J17-2
Removed Pin From Net: NetName=SDMMC0_CMD Pin=J17-3
Removed Pin From Net: NetName=GND Pin=J17-6
Removed Pin From Net: NetName=SDMMC0_D0 Pin=J17-7
Removed Pin From Net: NetName=SDMMC0_D1 Pin=J17-8
Removed Pin From Net: NetName=SDMMC0_DET_L Pin=J17-9
Removed Pin From Net: NetName=GND Pin=J17-10
Removed Pin From Net: NetName=GND Pin=J17-11
Removed Pin From Net: NetName=MIC1N Pin=J20-1
Removed Pin From Net: NetName=MIC1N Pin=J20-2
Removed Pin From Net: NetName=MIC1P Pin=J20-3
Removed Pin From Net: NetName=MIC1P Pin=J20-4
Removed Pin From Net: NetName=MIC1N Pin=J21-2
Removed Pin From Net: NetName=GND Pin=J29-1
Removed Pin From Net: NetName=GND Pin=J47-2
Removed Pin From Net: NetName=GND Pin=J47-5
Removed Pin From Net: NetName=GND Pin=J47-8
Removed Pin From Net: NetName=GND Pin=J47-11
Removed Pin From Net: NetName=GND Pin=J47-15
Removed Pin From Net: NetName=GND Pin=J47-16
Removed Pin From Net: NetName=GND Pin=J47-18
Removed Pin From Net: NetName=GND Pin=J47-19
Removed Pin From Net: NetName=GND Pin=J47-20
Removed Pin From Net: NetName=GND Pin=J47-21
Removed Pin From Net: NetName=VDD_12V Pin=J47-26
Removed Pin From Net: NetName=VDD_12V Pin=J47-27
Removed Pin From Net: NetName=VDD_12V Pin=J47-28
Removed Pin From Net: NetName=VDD_12V Pin=J47-29
Removed Pin From Net: NetName=GND Pin=J47-35
Removed Pin From Net: NetName=VCC3V0_TOUCH Pin=J47-36
Removed Pin From Net: NetName=TOUCH_RST_L Pin=J47-37
Removed Pin From Net: NetName=GPIO1_C6 Pin=J47-38
Removed Pin From Net: NetName=I2C4_SCL Pin=J47-39
Removed Pin From Net: NetName=I2C4_SDA Pin=J47-40
Removed Pin From Net: NetName=GND Pin=J47-41
Removed Pin From Net: NetName=GND Pin=J47-42
Removed Pin From Net: NetName=VCC_3V0 Pin=Q3-1
Removed Pin From Net: NetName=HDMI_CEC Pin=Q3-2
Removed Pin From Net: NetName=CEC_5V Pin=Q3-3
Removed Pin From Net: NetName=VCC_3V0 Pin=Q4-1
Removed Pin From Net: NetName=I2C_SDA_HDMI Pin=Q4-2
Removed Pin From Net: NetName=VCC_3V0 Pin=Q5-1
Removed Pin From Net: NetName=I2C_SCL_HDMI Pin=Q5-2
Removed Pin From Net: NetName=GND Pin=Q6-2
Removed Pin From Net: NetName=LCD_BL_PWM Pin=Q11-1
Removed Pin From Net: NetName=GND Pin=Q11-2
Removed Pin From Net: NetName=HDMI_CEC Pin=R19-1
Removed Pin From Net: NetName=VCC_3V0 Pin=R19-2
Removed Pin From Net: NetName=CEC_5V Pin=R20-1
Removed Pin From Net: NetName=I2C_SDA_HDMI Pin=R21-1
Removed Pin From Net: NetName=VCC_3V0 Pin=R21-2
Removed Pin From Net: NetName=SDMMC0_CLK Pin=R23-1
Removed Pin From Net: NetName=I2C_SCL_HDMI Pin=R24-1
Removed Pin From Net: NetName=VCC_3V0 Pin=R24-2
Removed Pin From Net: NetName=PORT_HPD Pin=R26-1
Removed Pin From Net: NetName=GND Pin=R27-1
Removed Pin From Net: NetName=SDMMC0_PWR_H Pin=R28-1
Removed Pin From Net: NetName=GND Pin=R28-2
Removed Pin From Net: NetName=MIC1P Pin=R30-1
Removed Pin From Net: NetName=MICBIAS1 Pin=R31-1
Removed Pin From Net: NetName=GND Pin=R34-1
Removed Pin From Net: NetName=MIC1N Pin=R34-2
Removed Pin From Net: NetName=GND Pin=R37-2
Removed Pin From Net: NetName=VDD_LCD Pin=R100-2
Removed Pin From Net: NetName=GND Pin=R101-1
Removed Pin From Net: NetName=TYPEC0_U2VBUSDET Pin=R102-2
Removed Pin From Net: NetName=GND Pin=R103-1
Removed Pin From Net: NetName=TYPEC0_U2VBUSDET Pin=R103-2
Removed Pin From Net: NetName=VCC5V0_TYPEC0_EN Pin=R104-2
Removed Pin From Net: NetName=GND Pin=R106-2
Removed Pin From Net: NetName=VCC3V3_SYS Pin=R147-2
Removed Pin From Net: NetName=VCC3V3_SYS Pin=R148-1
Removed Pin From Net: NetName=VDD_LCD Pin=R149-2
Removed Pin From Net: NetName=VDD_LCD Pin=R150-2
Removed Pin From Net: NetName=HDMI_TX2P Pin=U3-1
Removed Pin From Net: NetName=HDMI_TX2N Pin=U3-2
Removed Pin From Net: NetName=GND Pin=U3-3
Removed Pin From Net: NetName=HDMI_TX1P Pin=U3-4
Removed Pin From Net: NetName=HDMI_TX1N Pin=U3-5
Removed Pin From Net: NetName=HDMI_TX1N Pin=U3-6
Removed Pin From Net: NetName=HDMI_TX1P Pin=U3-7
Removed Pin From Net: NetName=GND Pin=U3-8
Removed Pin From Net: NetName=HDMI_TX2N Pin=U3-9
Removed Pin From Net: NetName=HDMI_TX2P Pin=U3-10
Removed Pin From Net: NetName=HDMI_TX0P Pin=U5-1
Removed Pin From Net: NetName=HDMI_TX0N Pin=U5-2
Removed Pin From Net: NetName=GND Pin=U5-3
Removed Pin From Net: NetName=HDMI_TXCP Pin=U5-4
Removed Pin From Net: NetName=HDMI_TXCN Pin=U5-5
Removed Pin From Net: NetName=HDMI_TXCN Pin=U5-6
Removed Pin From Net: NetName=HDMI_TXCP Pin=U5-7
Removed Pin From Net: NetName=GND Pin=U5-8
Removed Pin From Net: NetName=HDMI_TX0N Pin=U5-9
Removed Pin From Net: NetName=HDMI_TX0P Pin=U5-10
Removed Pin From Net: NetName=I2C4_SDA Pin=U6-2
Removed Pin From Net: NetName=VCCA1V8_CODEC Pin=U6-3
Removed Pin From Net: NetName=GND Pin=U6-4
Removed Pin From Net: NetName=GPIO1_C7 Pin=U6-5
Removed Pin From Net: NetName=VCC3V3_SYS Pin=U6-7
Removed Pin From Net: NetName=GND Pin=U6-8
Removed Pin From Net: NetName=GND Pin=U6-9
Removed Pin From Net: NetName=VCCA1V8_CODEC Pin=U6-11
Removed Pin From Net: NetName=I2C4_SCL Pin=U6-12
Removed Pin From Net: NetName=VBAT_WL Pin=U7-1
Removed Pin From Net: NetName=GND Pin=U7-2
Removed Pin From Net: NetName=SDMMC0_PWR_H Pin=U7-3
Removed Pin From Net: NetName=HUB_5V Pin=U9-4
Removed Pin From Net: NetName=HUB_5V Pin=U9-8
Removed Pin From Net: NetName=GND Pin=U9-14
Removed Pin From Net: NetName=GND Pin=U9-20
Removed Pin From Net: NetName=GND Pin=U9-21
Removed Pin From Net: NetName=HUB_5V Pin=U10-4
Removed Pin From Net: NetName=HUB_5V Pin=U10-8
Removed Pin From Net: NetName=GND Pin=U10-14
Removed Pin From Net: NetName=GND Pin=U10-20
Removed Pin From Net: NetName=GND Pin=U10-21
Removed Pin From Net: NetName=GND Pin=U18-2
Removed Pin From Net: NetName=HUB_5V Pin=U18-5
Removed Member From Class: ClassName=03 Member=C29
Removed Member From Class: ClassName=03 Member=C32
Removed Member From Class: ClassName=03 Member=C33
Removed Member From Class: ClassName=03 Member=C34
Removed Member From Class: ClassName=03 Member=C35
Removed Member From Class: ClassName=03 Member=C36
Removed Member From Class: ClassName=04 Member=C37
Removed Member From Class: ClassName=04 Member=C38
Removed Member From Class: ClassName=04 Member=C39
Removed Member From Class: ClassName=04 Member=C43
Removed Member From Class: ClassName=04 Member=C47
Removed Member From Class: ClassName=04 Member=C51
Removed Member From Class: ClassName=04 Member=C54
Removed Member From Class: ClassName=04 Member=C55
Removed Member From Class: ClassName=04 Member=C57
Removed Member From Class: ClassName=04 Member=C58
Removed Member From Class: ClassName=04 Member=C59
Removed Member From Class: ClassName=04 Member=C61
Removed Member From Class: ClassName=04 Member=C62
Removed Member From Class: ClassName=04 Member=C63
Removed Member From Class: ClassName=04 Member=C64
Removed Member From Class: ClassName=04 Member=C67
Removed Member From Class: ClassName=04 Member=C68
Removed Member From Class: ClassName=04 Member=C69
Removed Member From Class: ClassName=04 Member=C70
Removed Member From Class: ClassName=04 Member=C71
Removed Member From Class: ClassName=04 Member=C72
Removed Member From Class: ClassName=04 Member=C73
Removed Member From Class: ClassName=07 Member=C124
Removed Member From Class: ClassName=07 Member=C125
Removed Member From Class: ClassName=07 Member=C128
Removed Member From Class: ClassName=07 Member=C129
Removed Member From Class: ClassName=07 Member=C130
Removed Member From Class: ClassName=07 Member=C131
Removed Member From Class: ClassName=07 Member=C132
Removed Member From Class: ClassName=07 Member=C133
Removed Member From Class: ClassName=07 Member=C233
Removed Member From Class: ClassName=07 Member=C234
Removed Member From Class: ClassName=03 Member=D5
Removed Member From Class: ClassName=03 Member=D6
Removed Member From Class: ClassName=03 Member=ED12
Removed Member From Class: ClassName=03 Member=ED13
Removed Member From Class: ClassName=03 Member=ED14
Removed Member From Class: ClassName=03 Member=ED15
Removed Member From Class: ClassName=03 Member=ED16
Removed Member From Class: ClassName=03 Member=J13
Removed Member From Class: ClassName=03 Member=J17
Removed Member From Class: ClassName=04 Member=J18
Removed Member From Class: ClassName=04 Member=J19
Removed Member From Class: ClassName=04 Member=J20
Removed Member From Class: ClassName=04 Member=J21
Removed Member From Class: ClassName=04 Member=J23
Removed Member From Class: ClassName=07 Member=J47
Removed Member From Class: ClassName=03 Member=Q3
Removed Member From Class: ClassName=03 Member=Q4
Removed Member From Class: ClassName=03 Member=Q5
Removed Member From Class: ClassName=07 Member=Q11
Removed Member From Class: ClassName=03 Member=R19
Removed Member From Class: ClassName=03 Member=R20
Removed Member From Class: ClassName=03 Member=R21
Removed Member From Class: ClassName=03 Member=R22
Removed Member From Class: ClassName=03 Member=R23
Removed Member From Class: ClassName=03 Member=R24
Removed Member From Class: ClassName=03 Member=R25
Removed Member From Class: ClassName=03 Member=R26
Removed Member From Class: ClassName=03 Member=R27
Removed Member From Class: ClassName=03 Member=R28
Removed Member From Class: ClassName=04 Member=R30
Removed Member From Class: ClassName=04 Member=R31
Removed Member From Class: ClassName=04 Member=R34
Removed Member From Class: ClassName=04 Member=R37
Removed Member From Class: ClassName=04 Member=R38
Removed Member From Class: ClassName=04 Member=R39
Removed Member From Class: ClassName=04 Member=R47
Removed Member From Class: ClassName=04 Member=R48
Removed Member From Class: ClassName=07 Member=R100
Removed Member From Class: ClassName=07 Member=R101
Removed Member From Class: ClassName=07 Member=R149
Removed Member From Class: ClassName=07 Member=R150
Removed Member From Class: ClassName=03 Member=U3
Removed Member From Class: ClassName=03 Member=U5
Removed Member From Class: ClassName=03 Member=U6
Removed Member From Class: ClassName=03 Member=U7
Removed Member From Class: ClassName=04 Member=U9
Removed Member From Class: ClassName=04 Member=U10
Change Component Footprint: Designator=C2 Old Footprint=0402_CC New Footprint=0805
Added Component: Designator=R146(0402_cc)
Added Component: Designator=U1(SO-8-A)
Added Pin To Net: NetName=CEC_5V Pin=J4-37
Added Pin To Net: NetName=RST_KEY Pin=R146-1
Added Pin To Net: NetName=NetJ2_6 Pin=R146-2
Added Pin To Net: NetName=NetC3_2 Pin=U1-1
Added Pin To Net: NetName=NetC3_1 Pin=U1-2
Added Pin To Net: NetName=NetC7_2 Pin=U1-3
Added Pin To Net: NetName=GND Pin=U1-4
Added Pin To Net: NetName=NetR3_1 Pin=U1-5
Added Pin To Net: NetName=POWER_EN Pin=U1-7
Added Pin To Net: NetName=VDD_12V Pin=U1-8
Added Pin To Net: NetName=GND Pin=U1-9
Change Net Name : Old Net Name=CEC_5V New Net Name=SPK_CTL_H
Added Member To Class: ClassName=01 Member=Component R146 4.7K
Added Member To Class: ClassName=02 Member=Component U1 MP2482DN
